\n
Total Threads: 512
Total Grid Points: 9261
Evaluating Integral for all values of r and l with
  a1=1, a2=1, a3=1, a4=1
  c1 = (0, 0, 0)
  c2 = (1, 0, 0)
  c3 = (2, 0, 0)
  c4 = (3, 0, 0)
  Tolerance = 1e-12
Total values of r skipped for different l's: 4991/52510
nr=89 nl=590 nx=21 ny=21 nz=21
result: 0.29513704492922288
Time Elapsed: 1.77156099999999994 seconds

Total Threads: 40064
Total Grid Points: 8000000
Evaluating Integral for all values of r and l with
  a1=1, a2=1, a3=1, a4=1
  c1 = (0, 0, 0)
  c2 = (1, 0, 0)
  c3 = (2, 0, 0)
  c4 = (3, 0, 0)
  Tolerance = 1e-12
Total values of r skipped for different l's: 4991/52510
nr=89 nl=590 nx=200 ny=200 nz=200
result: 0.31117925405421987
Time Elapsed: 5.14612900000000018 seconds

Total Threads: 50688
Total Grid Points: 11390625
Evaluating Integral for all values of r and l with
  a1=1, a2=1, a3=1, a4=1
  c1 = (0, 0, 0)
  c2 = (1, 0, 0)
  c3 = (2, 0, 0)
  c4 = (3, 0, 0)
  Tolerance = 1e-12
Total values of r skipped for different l's: 4991/52510
nr=89 nl=590 nx=225 ny=225 nz=225
result: 0.31118109735313143
Time Elapsed: 6.26398600000000005 seconds

Total Threads: 62592
Total Grid Points: 15625000
Evaluating Integral for all values of r and l with
  a1=1, a2=1, a3=1, a4=1
  c1 = (0, 0, 0)
  c2 = (1, 0, 0)
  c3 = (2, 0, 0)
  c4 = (3, 0, 0)
  Tolerance = 1e-12
Total values of r skipped for different l's: 4991/52510
nr=89 nl=590 nx=250 ny=250 nz=250
result: 0.31118303281386855
Time Elapsed: 8.61626700000000056 seconds

Total Threads: 75648
Total Grid Points: 20796875
Evaluating Integral for all values of r and l with
  a1=1, a2=1, a3=1, a4=1
  c1 = (0, 0, 0)
  c2 = (1, 0, 0)
  c3 = (2, 0, 0)
  c4 = (3, 0, 0)
  Tolerance = 1e-12
Total values of r skipped for different l's: 4991/52510
nr=89 nl=590 nx=275 ny=275 nz=275
result: 0.31118475942468266
Time Elapsed: 10.32317699999999938 seconds

Total Threads: 90112
Total Grid Points: 27000000
Evaluating Integral for all values of r and l with
  a1=1, a2=1, a3=1, a4=1
  c1 = (0, 0, 0)
  c2 = (1, 0, 0)
  c3 = (2, 0, 0)
  c4 = (3, 0, 0)
  Tolerance = 1e-12
Total values of r skipped for different l's: 4991/52510
nr=89 nl=590 nx=300 ny=300 nz=300
result: 0.31118641189960172
Time Elapsed: 12.01642499999999991 seconds

Total Threads: 105728
Total Grid Points: 34328125
Evaluating Integral for all values of r and l with
  a1=1, a2=1, a3=1, a4=1
  c1 = (0, 0, 0)
  c2 = (1, 0, 0)
  c3 = (2, 0, 0)
  c4 = (3, 0, 0)
  Tolerance = 1e-12
Total values of r skipped for different l's: 4991/52510
nr=89 nl=590 nx=325 ny=325 nz=325
result: 0.31118555916507223
Time Elapsed: 15.00324499999999972 seconds

Total Threads: 122624
Total Grid Points: 42875000
Evaluating Integral for all values of r and l with
  a1=1, a2=1, a3=1, a4=1
  c1 = (0, 0, 0)
  c2 = (1, 0, 0)
  c3 = (2, 0, 0)
  c4 = (3, 0, 0)
  Tolerance = 1e-12
Total values of r skipped for different l's: 4991/52510
nr=89 nl=590 nx=350 ny=350 nz=350
result: 0.31118408268463421
Time Elapsed: 17.07226199999999849 seconds

Total Threads: 140672
Total Grid Points: 52734375
Evaluating Integral for all values of r and l with
  a1=1, a2=1, a3=1, a4=1
  c1 = (0, 0, 0)
  c2 = (1, 0, 0)
  c3 = (2, 0, 0)
  c4 = (3, 0, 0)
  Tolerance = 1e-12
Total values of r skipped for different l's: 4991/52510
nr=89 nl=590 nx=375 ny=375 nz=375
result: 0.31118357764734778
Time Elapsed: 21.98069699999999926 seconds

Total Threads: 160000
Total Grid Points: 64000000
Evaluating Integral for all values of r and l with
  a1=1, a2=1, a3=1, a4=1
  c1 = (0, 0, 0)
  c2 = (1, 0, 0)
  c3 = (2, 0, 0)
  c4 = (3, 0, 0)
  Tolerance = 1e-12
Total values of r skipped for different l's: 4991/52510
nr=89 nl=590 nx=400 ny=400 nz=400
result: 0.31118349314225990
Time Elapsed: 26.46169000000000082 seconds

Total Threads: 180736
Total Grid Points: 76765625
Evaluating Integral for all values of r and l with
  a1=1, a2=1, a3=1, a4=1
  c1 = (0, 0, 0)
  c2 = (1, 0, 0)
  c3 = (2, 0, 0)
  c4 = (3, 0, 0)
  Tolerance = 1e-12
Total values of r skipped for different l's: 4991/52510
nr=89 nl=590 nx=425 ny=425 nz=425
result: 0.31118356239913636
Time Elapsed: 30.41045499999999890 seconds

Total Threads: 202624
Total Grid Points: 91125000
Evaluating Integral for all values of r and l with
  a1=1, a2=1, a3=1, a4=1
  c1 = (0, 0, 0)
  c2 = (1, 0, 0)
  c3 = (2, 0, 0)
  c4 = (3, 0, 0)
  Tolerance = 1e-12
Total values of r skipped for different l's: 4991/52510
nr=89 nl=590 nx=450 ny=450 nz=450
result: 0.31118365637769124
Time Elapsed: 34.92718800000000101 seconds

Total Threads: 225664
Total Grid Points: 107171875
Evaluating Integral for all values of r and l with
  a1=1, a2=1, a3=1, a4=1
  c1 = (0, 0, 0)
  c2 = (1, 0, 0)
  c3 = (2, 0, 0)
  c4 = (3, 0, 0)
  Tolerance = 1e-12
Total values of r skipped for different l's: 4991/52510
nr=89 nl=590 nx=475 ny=475 nz=475
result: 0.31118382031306469
Time Elapsed: 41.94916599999999818 seconds

Total Threads: 250112
Total Grid Points: 125000000
Evaluating Integral for all values of r and l with
  a1=1, a2=1, a3=1, a4=1
  c1 = (0, 0, 0)
  c2 = (1, 0, 0)
  c3 = (2, 0, 0)
  c4 = (3, 0, 0)
  Tolerance = 1e-12
Total values of r skipped for different l's: 4991/52510
nr=89 nl=590 nx=500 ny=500 nz=500
result: 0.31118402336922490
Time Elapsed: 48.53030400000000100 seconds

Total Threads: 360064
Total Grid Points: 216000000
Evaluating Integral for all values of r and l with
  a1=1, a2=1, a3=1, a4=1
  c1 = (0, 0, 0)
  c2 = (1, 0, 0)
  c3 = (2, 0, 0)
  c4 = (3, 0, 0)
  Tolerance = 1e-12
Total values of r skipped for different l's: 4991/52510
nr=89 nl=590 nx=600 ny=600 nz=600
result: 0.31118373054389248
Time Elapsed: 77.07386499999999785 seconds

Total Threads: 390656
Total Grid Points: 244140625
Evaluating Integral for all values of r and l with
  a1=1, a2=1, a3=1, a4=1
  c1 = (0, 0, 0)
  c2 = (1, 0, 0)
  c3 = (2, 0, 0)
  c4 = (3, 0, 0)
  Tolerance = 1e-12
Total values of r skipped for different l's: 52510/52510
nr=89 nl=590 nx=625 ny=625 nz=625
result: 0.00000000000000000
Time Elapsed: 1.40271499999999993 seconds

Total Threads: 422528
Total Grid Points: 274625000
Evaluating Integral for all values of r and l with
  a1=1, a2=1, a3=1, a4=1
  c1 = (0, 0, 0)
  c2 = (1, 0, 0)
  c3 = (2, 0, 0)
  c4 = (3, 0, 0)
  Tolerance = 1e-12
Total values of r skipped for different l's: 52510/52510
nr=89 nl=590 nx=650 ny=650 nz=650
result: 0.00000000000000000
Time Elapsed: 1.48000099999999990 seconds

Total Threads: 455680
Total Grid Points: 307546875
Evaluating Integral for all values of r and l with
  a1=1, a2=1, a3=1, a4=1
  c1 = (0, 0, 0)
  c2 = (1, 0, 0)
  c3 = (2, 0, 0)
  c4 = (3, 0, 0)
  Tolerance = 1e-12
Total values of r skipped for different l's: 52510/52510
nr=89 nl=590 nx=675 ny=675 nz=675
result: 0.00000000000000000
Time Elapsed: 1.52934199999999998 seconds

Total Threads: 490112
Total Grid Points: 343000000
Evaluating Integral for all values of r and l with
  a1=1, a2=1, a3=1, a4=1
  c1 = (0, 0, 0)
  c2 = (1, 0, 0)
  c3 = (2, 0, 0)
  c4 = (3, 0, 0)
  Tolerance = 1e-12
Total values of r skipped for different l's: 52510/52510
nr=89 nl=590 nx=700 ny=700 nz=700
result: 0.00000000000000000
Time Elapsed: 1.68861200000000000 seconds

Total Threads: 525696
Total Grid Points: 381078125
Evaluating Integral for all values of r and l with
  a1=1, a2=1, a3=1, a4=1
  c1 = (0, 0, 0)
  c2 = (1, 0, 0)
  c3 = (2, 0, 0)
  c4 = (3, 0, 0)
  Tolerance = 1e-12
Total values of r skipped for different l's: 52510/52510
nr=89 nl=590 nx=725 ny=725 nz=725
result: 0.00000000000000000
Time Elapsed: 1.92764099999999994 seconds

Total Threads: 562560
Total Grid Points: 421875000
Evaluating Integral for all values of r and l with
  a1=1, a2=1, a3=1, a4=1
  c1 = (0, 0, 0)
  c2 = (1, 0, 0)
  c3 = (2, 0, 0)
  c4 = (3, 0, 0)
  Tolerance = 1e-12
Total values of r skipped for different l's: 52510/52510
nr=89 nl=590 nx=750 ny=750 nz=750
result: 0.00000000000000000
Time Elapsed: 2.01965599999999990 seconds

